[02:25:38] [Server thread/ERROR]: Could not save data emy@3c3675b3
java.nio.file.NoSuchFileException: ./world/data/scoreboard.dat
	at sun.nio.fs.UnixException.translateToIOException(UnixException.java:92) ~[?:?]
	at sun.nio.fs.UnixException.rethrowAsIOException(UnixException.java:106) ~[?:?]
	at sun.nio.fs.UnixException.rethrowAsIOException(UnixException.java:111) ~[?:?]
	at sun.nio.fs.UnixFileSystemProvider.newByteChannel(UnixFileSystemProvider.java:218) ~[?:?]
	at java.nio.file.spi.FileSystemProvider.newOutputStream(FileSystemProvider.java:484) ~[?:?]
	at java.nio.file.Files.newOutputStream(Files.java:228) ~[?:?]
	at ta.a(SourceFile:65) ~[server-1.20.4.jar:?]
	at efw.a(SourceFile:45) ~[server-1.20.4.jar:?]
	at egh.b(SourceFile:122) ~[server-1.20.4.jar:?]
	at java.util.HashMap.forEach(HashMap.java:1421) ~[?:?]
	at egh.a(SourceFile:120) ~[server-1.20.4.jar:?]
	at and.au(SourceFile:824) ~[server-1.20.4.jar:?]
	at and.a(SourceFile:806) ~[server-1.20.4.jar:?]
	at net.minecraft.server.MinecraftServer.a(SourceFile:542) ~[server-1.20.4.jar:?]
	at net.minecraft.server.MinecraftServer.b(SourceFile:566) ~[server-1.20.4.jar:?]
	at net.minecraft.server.MinecraftServer.a(SourceFile:857) ~[server-1.20.4.jar:?]
	at net.minecraft.server.MinecraftServer.w(SourceFile:683) ~[server-1.20.4.jar:?]
	at net.minecraft.server.MinecraftServer.a(SourceFile:270) ~[server-1.20.4.jar:?]
	at java.lang.Thread.run(Thread.java:833) ~[?:?]
[02:25:38] [Server thread/ERROR]: Could not save data cgs@3bed223d
java.nio.file.NoSuchFileException: ./world/data/raids.dat
	at sun.nio.fs.UnixException.translateToIOException(UnixException.java:92) ~[?:?]
	at sun.nio.fs.UnixException.rethrowAsIOException(UnixException.java:106) ~[?:?]
	at sun.nio.fs.UnixException.rethrowAsIOException(UnixException.java:111) ~[?:?]
	at sun.nio.fs.UnixFileSystemProvider.newByteChannel(UnixFileSystemProvider.java:218) ~[?:?]
	at java.nio.file.spi.FileSystemProvider.newOutputStream(FileSystemProvider.java:484) ~[?:?]
	at java.nio.file.Files.newOutputStream(Files.java:228) ~[?:?]
	at ta.a(SourceFile:65) ~[server-1.20.4.jar:?]
	at efw.a(SourceFile:45) ~[server-1.20.4.jar:?]
	at egh.b(SourceFile:122) ~[server-1.20.4.jar:?]
	at java.util.HashMap.forEach(HashMap.java:1421) ~[?:?]
	at egh.a(SourceFile:120) ~[server-1.20.4.jar:?]
	at and.au(SourceFile:824) ~[server-1.20.4.jar:?]
	at and.a(SourceFile:806) ~[server-1.20.4.jar:?]
	at net.minecraft.server.MinecraftServer.a(SourceFile:542) ~[server-1.20.4.jar:?]
	at net.minecraft.server.MinecraftServer.b(SourceFile:566) ~[server-1.20.4.jar:?]
	at net.minecraft.server.MinecraftServer.a(SourceFile:857) ~[server-1.20.4.jar:?]
	at net.minecraft.server.MinecraftServer.w(SourceFile:683) ~[server-1.20.4.jar:?]
	at net.minecraft.server.MinecraftServer.a(SourceFile:270) ~[server-1.20.4.jar:?]
	at java.lang.Thread.run(Thread.java:833) ~[?:?]
[02:25:38] [Server thread/ERROR]: Could not save data cgs@6c34fbc5
java.nio.file.NoSuchFileException: ./world/DIM-1/data/raids.dat
	at sun.nio.fs.UnixException.translateToIOException(UnixException.java:92) ~[?:?]
	at sun.nio.fs.UnixException.rethrowAsIOException(UnixException.java:106) ~[?:?]
	at sun.nio.fs.UnixException.rethrowAsIOException(UnixException.java:111) ~[?:?]
	at sun.nio.fs.UnixFileSystemProvider.newByteChannel(UnixFileSystemProvider.java:218) ~[?:?]
	at java.nio.file.spi.FileSystemProvider.newOutputStream(FileSystemProvider.java:484) ~[?:?]
	at java.nio.file.Files.newOutputStream(Files.java:228) ~[?:?]
	at ta.a(SourceFile:65) ~[server-1.20.4.jar:?]
	at efw.a(SourceFile:45) ~[server-1.20.4.jar:?]
	at egh.b(SourceFile:122) ~[server-1.20.4.jar:?]
	at java.util.HashMap.forEach(HashMap.java:1421) ~[?:?]
	at egh.a(SourceFile:120) ~[server-1.20.4.jar:?]
	at and.au(SourceFile:824) ~[server-1.20.4.jar:?]
	at and.a(SourceFile:806) ~[server-1.20.4.jar:?]
	at net.minecraft.server.MinecraftServer.a(SourceFile:542) ~[server-1.20.4.jar:?]
	at net.minecraft.server.MinecraftServer.b(SourceFile:566) ~[server-1.20.4.jar:?]
	at net.minecraft.server.MinecraftServer.a(SourceFile:857) ~[server-1.20.4.jar:?]
	at net.minecraft.server.MinecraftServer.w(SourceFile:683) ~[server-1.20.4.jar:?]
	at net.minecraft.server.MinecraftServer.a(SourceFile:270) ~[server-1.20.4.jar:?]
	at java.lang.Thread.run(Thread.java:833) ~[?:?]
[02:25:38] [Server thread/ERROR]: Could not save data cgs@2b034cdc
java.nio.file.NoSuchFileException: ./world/DIM1/data/raids_end.dat
	at sun.nio.fs.UnixException.translateToIOException(UnixException.java:92) ~[?:?]
	at sun.nio.fs.UnixException.rethrowAsIOException(UnixException.java:106) ~[?:?]
	at sun.nio.fs.UnixException.rethrowAsIOException(UnixException.java:111) ~[?:?]
	at sun.nio.fs.UnixFileSystemProvider.newByteChannel(UnixFileSystemProvider.java:218) ~[?:?]
	at java.nio.file.spi.FileSystemProvider.newOutputStream(FileSystemProvider.java:484) ~[?:?]
	at java.nio.file.Files.newOutputStream(Files.java:228) ~[?:?]
	at ta.a(SourceFile:65) ~[server-1.20.4.jar:?]
	at efw.a(SourceFile:45) ~[server-1.20.4.jar:?]
	at egh.b(SourceFile:122) ~[server-1.20.4.jar:?]
	at java.util.HashMap.forEach(HashMap.java:1421) ~[?:?]
	at egh.a(SourceFile:120) ~[server-1.20.4.jar:?]
	at and.au(SourceFile:824) ~[server-1.20.4.jar:?]
	at and.a(SourceFile:806) ~[server-1.20.4.jar:?]
	at net.minecraft.server.MinecraftServer.a(SourceFile:542) ~[server-1.20.4.jar:?]
	at net.minecraft.server.MinecraftServer.b(SourceFile:566) ~[server-1.20.4.jar:?]
	at net.minecraft.server.MinecraftServer.a(SourceFile:857) ~[server-1.20.4.jar:?]
	at net.minecraft.server.MinecraftServer.w(SourceFile:683) ~[server-1.20.4.jar:?]
	at net.minecraft.server.MinecraftServer.a(SourceFile:270) ~[server-1.20.4.jar:?]
	at java.lang.Thread.run(Thread.java:833) ~[?:?]
[02:25:38] [Server thread/ERROR]: Failed to save level ./world
java.nio.file.NoSuchFileException: ./world/level7775061898350676787.dat
	at sun.nio.fs.UnixException.translateToIOException(UnixException.java:92) ~[?:?]
	at sun.nio.fs.UnixException.rethrowAsIOException(UnixException.java:106) ~[?:?]
	at sun.nio.fs.UnixException.rethrowAsIOException(UnixException.java:111) ~[?:?]
	at sun.nio.fs.UnixFileSystemProvider.newByteChannel(UnixFileSystemProvider.java:218) ~[?:?]
	at java.nio.file.Files.newByteChannel(Files.java:380) ~[?:?]
	at java.nio.file.Files.createFile(Files.java:658) ~[?:?]
	at java.nio.file.TempFileHelper.create(TempFileHelper.java:136) ~[?:?]
	at java.nio.file.TempFileHelper.createTempFile(TempFileHelper.java:159) ~[?:?]
	at java.nio.file.Files.createTempFile(Files.java:878) ~[?:?]
	at egm$c.a(SourceFile:470) ~[server-1.20.4.jar:?]
	at egm$c.a(SourceFile:464) ~[server-1.20.4.jar:?]
	at net.minecraft.server.MinecraftServer.a(SourceFile:549) ~[server-1.20.4.jar:?]
	at net.minecraft.server.MinecraftServer.b(SourceFile:566) ~[server-1.20.4.jar:?]
	at net.minecraft.server.MinecraftServer.a(SourceFile:857) ~[server-1.20.4.jar:?]
	at net.minecraft.server.MinecraftServer.w(SourceFile:683) ~[server-1.20.4.jar:?]
	at net.minecraft.server.MinecraftServer.a(SourceFile:270) ~[server-1.20.4.jar:?]
	at java.lang.Thread.run(Thread.java:833) ~[?:?]
